--- Starting n8n Sync: 2026-03-29 00:00:01 ---
📦 Exporting all workflows to full_backup.json...
📁 Exporting individual workflows...
   - Exporting: Добавление_Промта (TVHpHR7HlCdrqEvAF3WNP)
   - Exporting: Добавление_Глоссария (ZdsvkMfRDAU4yLbL3DPcK)
   - Exporting: Telegram_Trigger (dVLM5uuoourJgfTi2rpdK)
   - Exporting: [Перевод]_Обработка_ошибки (ImJpqAA5WlJZDK5jMtQSM)
   - Exporting: [TEST]_Error_Handler_Check (test-error-check-6zpfg6xvkllgzi54)
   - Exporting: Select_From_List (CJ7lDvgGlmoP8Ymbgqd0A)
   - Exporting: SM_-_Task_-_Create (50eb60b7-9412-4010-9619-f4a2505bd25a)
   - Exporting: [Перевод]_Арка (OggkJgA8IFmasME_BNimq)
   - Exporting: Получение_сообщения (8gULdPgp6Xb9XcBkJww2X)
   - Exporting: [Send]_create_job (ScNLD3LbRTVAJOK4)
   - Exporting: 🔴_Global_Error_Handler (global-error-handler-36id)
   - Exporting: Send_Message_-_Get_Context (3fbb84cf-8a84-4ac2-8b33-936ceaa07a0a)
   - Exporting: [TEST]_Manual_Error_Test (test-manual-error-r7xwy5rla01hpglo)
   - Exporting: Telegram_Final (1db683a7-a7b3-479b-9b4d-6d4d4f825c1b)
   - Exporting: [Перевод]_Перевод_чанка (GPARI8V4RBSPL1h39_kHW)
   - Exporting: Finish (vuqLp6ZGenvpkJbmVPR_6)
   - Exporting: Telegram_Webhook_Handler (7e05e583-dcee-4956-bf4f-0e0d526613d1)
   - Exporting: SM_-_Task_-_Finish (8eb0dc61-8ab7-4cf0-9346-50f86072a5fd)
   - Exporting: My_workflow (WaZgko1NbVH5CU8a)
   - Exporting: [GET]_Document (sLo74sUgMdcJEmxJoRJQ-)
   - Exporting: SM_-_Task_-_Start_Processing (9e605f66-35d2-4f8f-ab13-d82a54208a57)
   - Exporting: Перезапуск_прослушки_Telegram (GiqH3FrsgKjwIbUfcS6-j)
   - Exporting: Настройка_БД (UnqVdfxubclgfA7tafBwo)
   - Exporting: Send_Message_-_Notify (4ae3d7dc-1cd3-47a6-9dd8-057eaec5e808)
   - Exporting: SM_-_Task_-_Process (46ff39dd-d631-4df1-9310-6f351ca97620)
   - Exporting: Telegram_Simple (22f83af6-cfa7-4cd9-b32c-80b47a46585c)
   - Exporting: SM_-_Task_-_Error (01ccb964-662a-4d64-9d2e-b9e13f620382)
   - Exporting: Парсинг_файла_для_перевода (bC43bgf5ZtXoi_XDLDwHO)
   - Exporting: Test_Minimal_Webhook (test-minimal-webhook)
   - Exporting: Translate_Chunk (Q5TRHGg-XRblnMRpH41Ee)
   - Exporting: Получение_сообщения (CHSGtgO88LgGVbV8)
   - Exporting: SM_-_Task_-_Stop (a36f25d0-f3fa-442d-8908-64af9e7b9fe1)
   - Exporting: Предварительный_анализ_файла_для_перевода (lSuNRX0VILP9Lgit5VKlK)
   - Exporting: [Перевод]_Глава (IgLfaCSszdwsPw_b4u3au)
   - Exporting: Send_Message (ce54208e-fc0f-4c58-97b7-30bc091b9324)
   - Exporting: Создание_Глоссария (t8Dmavjx9KS5Ms3SB3Qdj)
   - Exporting: Send_Message (J62UViXZMD5o6qoU)
   - Exporting: [GET]__select_files (MmfiOXrCt2lkZ4TxZMyWS)
   - Exporting: Start (9cjeUNeTZX3YnO1W57YTP)
   - Exporting: 🔄_Telegram_Polling_(n8n) (telegram-n8n-polling)
   - Exporting: [depricated]_Send_Message_(RESTORED) (RESTORED-c0226993)
   - Exporting: System_-_Proxy_Check (tJg2AYCjlBnOb3eO)
   - Exporting: System_-_Novel_Pipeline_Test (rKTWa4ZzlQ2xepEH)
   - Exporting: System_-_Stats_Dashboard (pmfooV949S1weDwV)
🔑 Exporting credentials metadata...
📤 Committing and pushing following the rules...
Переключились на новую ветку «sync-20260329-000136»
[sync-20260329-000136 ed84ccd] Auto-backup: 2026-03-29 00:00:01
 3 files changed, 52 insertions(+), 2 deletions(-)
 create mode 100644 sync.log
remote: 
remote: Create a pull request for 'sync-20260329-000136' on GitHub by visiting:        
remote:      https://github.com/bigalex74/n8n/pull/new/sync-20260329-000136        
remote: 
To github.com:bigalex74/n8n.git
 * [new branch]      sync-20260329-000136 -> sync-20260329-000136
error: Ваши локальные изменения в указанных файлах будут перезаписаны при переключении на состояние:
	sync.log
Сделайте коммит или спрячьте ваши изменения перед переключением веток.
Прерываю
Уже актуально.
Everything up-to-date
error: cannot delete branch 'sync-20260329-000136' used by worktree at '/home/user/n8n-backups'
To github.com:bigalex74/n8n.git
 - [deleted]         sync-20260329-000136
✅ Sync completed successfully!
--- Starting Sync: bigalexn8n-6 (2026-03-29 04:00:01) ---
💾 Backing up critical system tables...
pg_dump: error: no matching tables were found
pg_dump: error: no matching tables were found
🧠 Backing up AI assets...
Переключились на новую ветку «bigalexn8n-6»
[bigalexn8n-6 4a089b9] bigalexn8n-6: Scheduled auto-backup
 6 files changed, 15 insertions(+), 9 deletions(-)
remote: 
remote: Create a pull request for 'bigalexn8n-6' on GitHub by visiting:        
remote:      https://github.com/bigalex74/n8n/pull/new/bigalexn8n-6        
remote: 
To github.com:bigalex74/n8n.git
 * [new branch]      bigalexn8n-6 -> bigalexn8n-6
error: Ваши локальные изменения в указанных файлах будут перезаписаны при переключении на состояние:
	sync.log
Сделайте коммит или спрячьте ваши изменения перед переключением веток.
Прерываю
Уже актуально.
Everything up-to-date
✅ Sync bigalexn8n-6 completed!
--- Starting Sync: bigalexn8n-10 (2026-03-29 08:00:01) ---
💾 Backing up critical system tables...
pg_dump: error: no matching tables were found
pg_dump: error: no matching tables were found
🧠 Backing up AI assets...
Переключились на новую ветку «bigalexn8n-10»
[bigalexn8n-10 61a8e5d] bigalexn8n-10: Scheduled auto-backup
 6 files changed, 15 insertions(+), 9 deletions(-)
remote: 
remote: Create a pull request for 'bigalexn8n-10' on GitHub by visiting:        
remote:      https://github.com/bigalex74/n8n/pull/new/bigalexn8n-10        
remote: 
To github.com:bigalex74/n8n.git
 * [new branch]      bigalexn8n-10 -> bigalexn8n-10
error: Ваши локальные изменения в указанных файлах будут перезаписаны при переключении на состояние:
	sync.log
Сделайте коммит или спрячьте ваши изменения перед переключением веток.
Прерываю
Уже актуально.
Everything up-to-date
✅ Sync bigalexn8n-10 completed!
--- Starting Sync: bigalexn8n-13 (2026-03-29 12:00:01) ---
💾 Backing up critical system tables...
pg_dump: error: no matching tables were found
pg_dump: error: no matching tables were found
🧠 Backing up AI assets...
Переключились на новую ветку «bigalexn8n-13»
[bigalexn8n-13 37bac8d] bigalexn8n-13: Scheduled auto-backup
 30 files changed, 65 insertions(+), 53 deletions(-)
 create mode 100644 workflows/[Send]_error.json
 create mode 100644 workflows/[Send]_finish.json
 create mode 100644 workflows/[Send]_wait.json
remote: 
remote: Create a pull request for 'bigalexn8n-13' on GitHub by visiting:        
remote:      https://github.com/bigalex74/n8n/pull/new/bigalexn8n-13        
remote: 
To github.com:bigalex74/n8n.git
 * [new branch]      bigalexn8n-13 -> bigalexn8n-13
error: Ваши локальные изменения в указанных файлах будут перезаписаны при переключении на состояние:
	sync.log
Сделайте коммит или спрячьте ваши изменения перед переключением веток.
Прерываю
Уже актуально.
Everything up-to-date
✅ Sync bigalexn8n-13 completed!
--- Starting Sync: bigalexn8n-14 (2026-03-29 16:00:01) ---
💾 Backing up critical system tables...
pg_dump: error: no matching tables were found
pg_dump: error: no matching tables were found
🧠 Backing up AI assets...
Переключились на новую ветку «bigalexn8n-14»
[bigalexn8n-14 20c74eb] bigalexn8n-14: Scheduled auto-backup
 19 files changed, 60 insertions(+), 34 deletions(-)
 create mode 100644 workflows/[Send]_processing.json
remote: 
remote: Create a pull request for 'bigalexn8n-14' on GitHub by visiting:        
remote:      https://github.com/bigalex74/n8n/pull/new/bigalexn8n-14        
remote: 
To github.com:bigalex74/n8n.git
 * [new branch]      bigalexn8n-14 -> bigalexn8n-14
error: Ваши локальные изменения в указанных файлах будут перезаписаны при переключении на состояние:
	sync.log
Сделайте коммит или спрячьте ваши изменения перед переключением веток.
Прерываю
Уже актуально.
Everything up-to-date
✅ Sync bigalexn8n-14 completed!
--- Starting Sync: bigalexn8n-15 (2026-03-29 20:00:01) ---
💾 Backing up critical system tables...
pg_dump: error: no matching tables were found
pg_dump: error: no matching tables were found
🧠 Backing up AI assets...
Переключились на новую ветку «bigalexn8n-15»
[bigalexn8n-15 fb592a2] bigalexn8n-15: Scheduled auto-backup
 14 files changed, 49 insertions(+), 26 deletions(-)
remote: 
remote: Create a pull request for 'bigalexn8n-15' on GitHub by visiting:        
remote:      https://github.com/bigalex74/n8n/pull/new/bigalexn8n-15        
remote: 
To github.com:bigalex74/n8n.git
 * [new branch]      bigalexn8n-15 -> bigalexn8n-15
error: Ваши локальные изменения в указанных файлах будут перезаписаны при переключении на состояние:
	sync.log
Сделайте коммит или спрячьте ваши изменения перед переключением веток.
Прерываю
Уже актуально.
Everything up-to-date
✅ Sync bigalexn8n-15 completed!
--- Starting Sync: bigalexn8n-16 (2026-03-30 00:00:01) ---
💾 Backing up critical system tables...
pg_dump: error: no matching tables were found
pg_dump: error: no matching tables were found
🧠 Backing up AI assets...
Переключились на новую ветку «bigalexn8n-16»
[bigalexn8n-16 6d9f1a1] bigalexn8n-16: Scheduled auto-backup
 31 files changed, 81 insertions(+), 59 deletions(-)
remote: 
remote: Create a pull request for 'bigalexn8n-16' on GitHub by visiting:        
remote:      https://github.com/bigalex74/n8n/pull/new/bigalexn8n-16        
remote: 
To github.com:bigalex74/n8n.git
 * [new branch]      bigalexn8n-16 -> bigalexn8n-16
error: Ваши локальные изменения в указанных файлах будут перезаписаны при переключении на состояние:
	sync.log
Сделайте коммит или спрячьте ваши изменения перед переключением веток.
Прерываю
Уже актуально.
Everything up-to-date
✅ Sync bigalexn8n-16 completed!
--- Starting Sync: bigalexn8n-17 (2026-03-30 04:00:01) ---
💾 Backing up critical system tables...
pg_dump: error: no matching tables were found
pg_dump: error: no matching tables were found
🧠 Backing up AI assets...
Переключились на новую ветку «bigalexn8n-17»
[bigalexn8n-17 ad78361] bigalexn8n-17: Scheduled auto-backup
 7 files changed, 32 insertions(+), 11 deletions(-)
remote: 
remote: Create a pull request for 'bigalexn8n-17' on GitHub by visiting:        
remote:      https://github.com/bigalex74/n8n/pull/new/bigalexn8n-17        
remote: 
To github.com:bigalex74/n8n.git
 * [new branch]      bigalexn8n-17 -> bigalexn8n-17
error: Ваши локальные изменения в указанных файлах будут перезаписаны при переключении на состояние:
	sync.log
Сделайте коммит или спрячьте ваши изменения перед переключением веток.
Прерываю
Уже актуально.
Everything up-to-date
✅ Sync bigalexn8n-17 completed!
--- Starting Sync: bigalexn8n-18 (2026-03-30 08:00:01) ---
💾 Backing up critical system tables...
pg_dump: error: no matching tables were found
pg_dump: error: no matching tables were found
🧠 Backing up AI assets...
Переключились на новую ветку «bigalexn8n-18»
[bigalexn8n-18 47b2232] bigalexn8n-18: Scheduled auto-backup
 30 files changed, 79 insertions(+), 58 deletions(-)
remote: 
remote: Create a pull request for 'bigalexn8n-18' on GitHub by visiting:        
remote:      https://github.com/bigalex74/n8n/pull/new/bigalexn8n-18        
remote: 
To github.com:bigalex74/n8n.git
 * [new branch]      bigalexn8n-18 -> bigalexn8n-18
error: Ваши локальные изменения в указанных файлах будут перезаписаны при переключении на состояние:
	sync.log
Сделайте коммит или спрячьте ваши изменения перед переключением веток.
Прерываю
Уже актуально.
Everything up-to-date
✅ Sync bigalexn8n-18 completed!
--- Starting Sync: bigalexn8n-19 (2026-03-30 12:00:01) ---
💾 Backing up critical system tables...
pg_dump: error: no matching tables were found
pg_dump: error: no matching tables were found
🧠 Backing up AI assets...
Переключились на новую ветку «bigalexn8n-19»
[bigalexn8n-19 f963946] bigalexn8n-19: Scheduled auto-backup
 7 files changed, 32 insertions(+), 11 deletions(-)
remote: 
remote: Create a pull request for 'bigalexn8n-19' on GitHub by visiting:        
remote:      https://github.com/bigalex74/n8n/pull/new/bigalexn8n-19        
remote: 
To github.com:bigalex74/n8n.git
 * [new branch]      bigalexn8n-19 -> bigalexn8n-19
error: Ваши локальные изменения в указанных файлах будут перезаписаны при переключении на состояние:
	sync.log
Сделайте коммит или спрячьте ваши изменения перед переключением веток.
Прерываю
Уже актуально.
Everything up-to-date
✅ Sync bigalexn8n-19 completed!
--- Starting Sync: bigalexn8n-20 (2026-03-30 16:00:01) ---
💾 Backing up critical system tables...
pg_dump: error: no matching tables were found
pg_dump: error: no matching tables were found
🧠 Backing up AI assets...
Переключились на новую ветку «bigalexn8n-20»
[bigalexn8n-20 a98fd7b] bigalexn8n-20: Scheduled auto-backup
 7 files changed, 32 insertions(+), 11 deletions(-)
remote: 
remote: Create a pull request for 'bigalexn8n-20' on GitHub by visiting:        
remote:      https://github.com/bigalex74/n8n/pull/new/bigalexn8n-20        
remote: 
To github.com:bigalex74/n8n.git
 * [new branch]      bigalexn8n-20 -> bigalexn8n-20
error: Ваши локальные изменения в указанных файлах будут перезаписаны при переключении на состояние:
	sync.log
Сделайте коммит или спрячьте ваши изменения перед переключением веток.
Прерываю
Уже актуально.
Everything up-to-date
✅ Sync bigalexn8n-20 completed!
--- Starting Sync: bigalexn8n-21 (2026-03-30 20:00:01) ---
💾 Backing up critical system tables...
pg_dump: error: no matching tables were found
pg_dump: error: no matching tables were found
🧠 Backing up AI assets...
Переключились на новую ветку «bigalexn8n-21»
[bigalexn8n-21 121a489] bigalexn8n-21: Scheduled auto-backup
 7 files changed, 32 insertions(+), 11 deletions(-)
remote: 
remote: Create a pull request for 'bigalexn8n-21' on GitHub by visiting:        
remote:      https://github.com/bigalex74/n8n/pull/new/bigalexn8n-21        
remote: 
To github.com:bigalex74/n8n.git
 * [new branch]      bigalexn8n-21 -> bigalexn8n-21
error: Ваши локальные изменения в указанных файлах будут перезаписаны при переключении на состояние:
	sync.log
Сделайте коммит или спрячьте ваши изменения перед переключением веток.
Прерываю
Уже актуально.
Everything up-to-date
✅ Sync bigalexn8n-21 completed!
--- Starting Sync: bigalexn8n-22 (2026-03-31 00:00:01) ---
💾 Backing up critical system tables...
pg_dump: error: no matching tables were found
pg_dump: error: no matching tables were found
🧠 Backing up AI assets...
Переключились на новую ветку «bigalexn8n-22»
[bigalexn8n-22 f212b35] bigalexn8n-22: Scheduled auto-backup
 31 files changed, 80 insertions(+), 58 deletions(-)
remote: 
remote: Create a pull request for 'bigalexn8n-22' on GitHub by visiting:        
remote:      https://github.com/bigalex74/n8n/pull/new/bigalexn8n-22        
remote: 
To github.com:bigalex74/n8n.git
 * [new branch]      bigalexn8n-22 -> bigalexn8n-22
error: Ваши локальные изменения в указанных файлах будут перезаписаны при переключении на состояние:
	sync.log
Сделайте коммит или спрячьте ваши изменения перед переключением веток.
Прерываю
Уже актуально.
Everything up-to-date
✅ Sync bigalexn8n-22 completed!
--- Starting Sync: bigalexn8n-23 (2026-03-31 04:00:01) ---
💾 Backing up critical system tables...
pg_dump: error: no matching tables were found
pg_dump: error: no matching tables were found
🧠 Backing up AI assets...
Переключились на новую ветку «bigalexn8n-23»
[bigalexn8n-23 6ea351d] bigalexn8n-23: Scheduled auto-backup
 7 files changed, 32 insertions(+), 11 deletions(-)
remote: 
remote: Create a pull request for 'bigalexn8n-23' on GitHub by visiting:        
remote:      https://github.com/bigalex74/n8n/pull/new/bigalexn8n-23        
remote: 
To github.com:bigalex74/n8n.git
 * [new branch]      bigalexn8n-23 -> bigalexn8n-23
error: Ваши локальные изменения в указанных файлах будут перезаписаны при переключении на состояние:
	sync.log
Сделайте коммит или спрячьте ваши изменения перед переключением веток.
Прерываю
Уже актуально.
Everything up-to-date
✅ Sync bigalexn8n-23 completed!
--- Starting Sync: bigalexn8n-24 (2026-03-31 08:00:01) ---
💾 Backing up critical system tables...
pg_dump: error: no matching tables were found
pg_dump: error: no matching tables were found
🧠 Backing up AI assets...
Переключились на новую ветку «bigalexn8n-24»
[bigalexn8n-24 8c4f687] bigalexn8n-24: Scheduled auto-backup
 7 files changed, 32 insertions(+), 11 deletions(-)
remote: 
remote: Create a pull request for 'bigalexn8n-24' on GitHub by visiting:        
remote:      https://github.com/bigalex74/n8n/pull/new/bigalexn8n-24        
remote: 
To github.com:bigalex74/n8n.git
 * [new branch]      bigalexn8n-24 -> bigalexn8n-24
error: Ваши локальные изменения в указанных файлах будут перезаписаны при переключении на состояние:
	sync.log
Сделайте коммит или спрячьте ваши изменения перед переключением веток.
Прерываю
Уже актуально.
Everything up-to-date
✅ Sync bigalexn8n-24 completed!
--- Starting Sync: bigalexn8n-25 (2026-03-31 12:00:01) ---
💾 Backing up critical system tables...
pg_dump: error: no matching tables were found
pg_dump: error: no matching tables were found
🧠 Backing up AI assets...
Переключились на новую ветку «bigalexn8n-25»
[bigalexn8n-25 91a9400] bigalexn8n-25: Scheduled auto-backup
 7 files changed, 32 insertions(+), 11 deletions(-)
remote: 
remote: Create a pull request for 'bigalexn8n-25' on GitHub by visiting:        
remote:      https://github.com/bigalex74/n8n/pull/new/bigalexn8n-25        
remote: 
To github.com:bigalex74/n8n.git
 * [new branch]      bigalexn8n-25 -> bigalexn8n-25
error: Ваши локальные изменения в указанных файлах будут перезаписаны при переключении на состояние:
	sync.log
Сделайте коммит или спрячьте ваши изменения перед переключением веток.
Прерываю
Уже актуально.
Everything up-to-date
✅ Sync bigalexn8n-25 completed!
--- Starting Sync: bigalexn8n-26 (2026-03-31 16:00:01) ---
💾 Backing up critical system tables...
pg_dump: error: no matching tables were found
pg_dump: error: no matching tables were found
🧠 Backing up AI assets...
Переключились на новую ветку «bigalexn8n-26»
[bigalexn8n-26 054eb36] bigalexn8n-26: Scheduled auto-backup
 7 files changed, 32 insertions(+), 11 deletions(-)
remote: 
remote: Create a pull request for 'bigalexn8n-26' on GitHub by visiting:        
remote:      https://github.com/bigalex74/n8n/pull/new/bigalexn8n-26        
remote: 
To github.com:bigalex74/n8n.git
 * [new branch]      bigalexn8n-26 -> bigalexn8n-26
error: Ваши локальные изменения в указанных файлах будут перезаписаны при переключении на состояние:
	sync.log
Сделайте коммит или спрячьте ваши изменения перед переключением веток.
Прерываю
Уже актуально.
Everything up-to-date
✅ Sync bigalexn8n-26 completed!
--- Starting Sync: bigalexn8n-27 (2026-03-31 20:00:01) ---
💾 Backing up critical system tables...
pg_dump: error: no matching tables were found
pg_dump: error: no matching tables were found
🧠 Backing up AI assets...
Переключились на новую ветку «bigalexn8n-27»
[bigalexn8n-27 c191cdc] bigalexn8n-27: Scheduled auto-backup
 7 files changed, 32 insertions(+), 11 deletions(-)
remote: 
remote: Create a pull request for 'bigalexn8n-27' on GitHub by visiting:        
remote:      https://github.com/bigalex74/n8n/pull/new/bigalexn8n-27        
remote: 
To github.com:bigalex74/n8n.git
 * [new branch]      bigalexn8n-27 -> bigalexn8n-27
error: Ваши локальные изменения в указанных файлах будут перезаписаны при переключении на состояние:
	sync.log
Сделайте коммит или спрячьте ваши изменения перед переключением веток.
Прерываю
Уже актуально.
Everything up-to-date
✅ Sync bigalexn8n-27 completed!
--- Starting Sync: bigalexn8n-28 (2026-04-01 08:00:01) ---
💾 Backing up critical system tables...
pg_dump: error: no matching tables were found
pg_dump: error: no matching tables were found
🧠 Backing up AI assets...
Переключились на новую ветку «bigalexn8n-28»
[bigalexn8n-28 7c066b0] bigalexn8n-28: Scheduled auto-backup
 10 files changed, 25 insertions(+), 14 deletions(-)
 create mode 100644 workflows/My_workflow_2.json
 create mode 100644 workflows/sub_lightrag_api.json
remote: 
remote: Create a pull request for 'bigalexn8n-28' on GitHub by visiting:        
remote:      https://github.com/bigalex74/n8n/pull/new/bigalexn8n-28        
remote: 
To github.com:bigalex74/n8n.git
 * [new branch]      bigalexn8n-28 -> bigalexn8n-28
error: Ваши локальные изменения в указанных файлах будут перезаписаны при переключении на состояние:
	sync.log
Сделайте коммит или спрячьте ваши изменения перед переключением веток.
Прерываю
Уже актуально.
Everything up-to-date
✅ Sync bigalexn8n-28 completed!
--- Starting Sync: bigalexn8n-29 (2026-04-01 12:00:01) ---
💾 Backing up critical system tables...
pg_dump: error: no matching tables were found
pg_dump: error: no matching tables were found
🧠 Backing up AI assets...
Переключились на новую ветку «bigalexn8n-29»
[bigalexn8n-29 3143e40] bigalexn8n-29: Scheduled auto-backup
 7 files changed, 34 insertions(+), 11 deletions(-)
remote: 
remote: Create a pull request for 'bigalexn8n-29' on GitHub by visiting:        
remote:      https://github.com/bigalex74/n8n/pull/new/bigalexn8n-29        
remote: 
To github.com:bigalex74/n8n.git
 * [new branch]      bigalexn8n-29 -> bigalexn8n-29
error: Ваши локальные изменения в указанных файлах будут перезаписаны при переключении на состояние:
	sync.log
Сделайте коммит или спрячьте ваши изменения перед переключением веток.
Прерываю
Уже актуально.
Everything up-to-date
✅ Sync bigalexn8n-29 completed!
--- Starting Sync: bigalexn8n-30 (2026-04-01 16:00:01) ---
💾 Backing up critical system tables...
pg_dump: error: no matching tables were found
pg_dump: error: no matching tables were found
🧠 Backing up AI assets...
Переключились на новую ветку «bigalexn8n-30»
[bigalexn8n-30 7990e28] bigalexn8n-30: Scheduled auto-backup
 9 files changed, 36 insertions(+), 15 deletions(-)
remote: 
remote: Create a pull request for 'bigalexn8n-30' on GitHub by visiting:        
remote:      https://github.com/bigalex74/n8n/pull/new/bigalexn8n-30        
remote: 
To github.com:bigalex74/n8n.git
 * [new branch]      bigalexn8n-30 -> bigalexn8n-30
error: Ваши локальные изменения в указанных файлах будут перезаписаны при переключении на состояние:
	sync.log
Сделайте коммит или спрячьте ваши изменения перед переключением веток.
Прерываю
Уже актуально.
Everything up-to-date
✅ Sync bigalexn8n-30 completed!
--- Starting Sync: bigalexn8n-31 (2026-04-01 20:00:01) ---
💾 Backing up critical system tables...
pg_dump: error: no matching tables were found
pg_dump: error: no matching tables were found
🧠 Backing up AI assets...
Переключились на новую ветку «bigalexn8n-31»
[bigalexn8n-31 45a8232] bigalexn8n-31: Scheduled auto-backup
 11 files changed, 40 insertions(+), 19 deletions(-)
remote: 
remote: Create a pull request for 'bigalexn8n-31' on GitHub by visiting:        
remote:      https://github.com/bigalex74/n8n/pull/new/bigalexn8n-31        
remote: 
To github.com:bigalex74/n8n.git
 * [new branch]      bigalexn8n-31 -> bigalexn8n-31
error: Ваши локальные изменения в указанных файлах будут перезаписаны при переключении на состояние:
	sync.log
Сделайте коммит или спрячьте ваши изменения перед переключением веток.
Прерываю
Уже актуально.
Everything up-to-date
✅ Sync bigalexn8n-31 completed!
--- Starting Sync: bigalexn8n-32 (2026-04-02 00:00:01) ---
💾 Backing up critical system tables...
pg_dump: error: no matching tables were found
pg_dump: error: no matching tables were found
🧠 Backing up AI assets...
Переключились на новую ветку «bigalexn8n-32»
[bigalexn8n-32 2704832] bigalexn8n-32: Scheduled auto-backup
 15 files changed, 50 insertions(+), 29 deletions(-)
remote: 
remote: Create a pull request for 'bigalexn8n-32' on GitHub by visiting:        
remote:      https://github.com/bigalex74/n8n/pull/new/bigalexn8n-32        
remote: 
To github.com:bigalex74/n8n.git
 * [new branch]      bigalexn8n-32 -> bigalexn8n-32
error: Ваши локальные изменения в указанных файлах будут перезаписаны при переключении на состояние:
	sync.log
Сделайте коммит или спрячьте ваши изменения перед переключением веток.
Прерываю
Уже актуально.
Everything up-to-date
✅ Sync bigalexn8n-32 completed!
--- Starting Sync: bigalexn8n-33 (2026-04-02 04:00:01) ---
💾 Backing up critical system tables...
pg_dump: error: no matching tables were found
pg_dump: error: no matching tables were found
🧠 Backing up AI assets...
Переключились на новую ветку «bigalexn8n-33»
[bigalexn8n-33 c4133eb] bigalexn8n-33: Scheduled auto-backup
 7 files changed, 32 insertions(+), 11 deletions(-)
remote: 
remote: Create a pull request for 'bigalexn8n-33' on GitHub by visiting:        
remote:      https://github.com/bigalex74/n8n/pull/new/bigalexn8n-33        
remote: 
To github.com:bigalex74/n8n.git
 * [new branch]      bigalexn8n-33 -> bigalexn8n-33
error: Ваши локальные изменения в указанных файлах будут перезаписаны при переключении на состояние:
	sync.log
Сделайте коммит или спрячьте ваши изменения перед переключением веток.
Прерываю
Уже актуально.
Everything up-to-date
✅ Sync bigalexn8n-33 completed!
--- Starting Sync: bigalexn8n-34 (2026-04-02 08:00:01) ---
💾 Backing up critical system tables...
pg_dump: error: no matching tables were found
pg_dump: error: no matching tables were found
🧠 Backing up AI assets...
Переключились на новую ветку «bigalexn8n-34»
[bigalexn8n-34 a91af82] bigalexn8n-34: Scheduled auto-backup
 8 files changed, 34 insertions(+), 13 deletions(-)
remote: 
remote: Create a pull request for 'bigalexn8n-34' on GitHub by visiting:        
remote:      https://github.com/bigalex74/n8n/pull/new/bigalexn8n-34        
remote: 
To github.com:bigalex74/n8n.git
 * [new branch]      bigalexn8n-34 -> bigalexn8n-34
error: Ваши локальные изменения в указанных файлах будут перезаписаны при переключении на состояние:
	sync.log
Сделайте коммит или спрячьте ваши изменения перед переключением веток.
Прерываю
Уже актуально.
Everything up-to-date
✅ Sync bigalexn8n-34 completed!
--- Starting Sync: bigalexn8n-35 (2026-04-02 12:00:01) ---
💾 Backing up critical system tables...
pg_dump: error: no matching tables were found
pg_dump: error: no matching tables were found
🧠 Backing up AI assets...
Переключились на новую ветку «bigalexn8n-35»
[bigalexn8n-35 4140602] bigalexn8n-35: Scheduled auto-backup
 8 files changed, 34 insertions(+), 13 deletions(-)
remote: 
remote: Create a pull request for 'bigalexn8n-35' on GitHub by visiting:        
remote:      https://github.com/bigalex74/n8n/pull/new/bigalexn8n-35        
remote: 
To github.com:bigalex74/n8n.git
 * [new branch]      bigalexn8n-35 -> bigalexn8n-35
error: Ваши локальные изменения в указанных файлах будут перезаписаны при переключении на состояние:
	sync.log
Сделайте коммит или спрячьте ваши изменения перед переключением веток.
Прерываю
Уже актуально.
Everything up-to-date
✅ Sync bigalexn8n-35 completed!
--- Starting Sync: bigalexn8n-36 (2026-04-02 16:00:01) ---
💾 Backing up critical system tables...
pg_dump: error: no matching tables were found
pg_dump: error: no matching tables were found
🧠 Backing up AI assets...
Переключились на новую ветку «bigalexn8n-36»
[bigalexn8n-36 e1a5e1e] bigalexn8n-36: Scheduled auto-backup
 7 files changed, 32 insertions(+), 11 deletions(-)
remote: 
remote: Create a pull request for 'bigalexn8n-36' on GitHub by visiting:        
remote:      https://github.com/bigalex74/n8n/pull/new/bigalexn8n-36        
remote: 
To github.com:bigalex74/n8n.git
 * [new branch]      bigalexn8n-36 -> bigalexn8n-36
error: Ваши локальные изменения в указанных файлах будут перезаписаны при переключении на состояние:
	sync.log
Сделайте коммит или спрячьте ваши изменения перед переключением веток.
Прерываю
Уже актуально.
Everything up-to-date
✅ Sync bigalexn8n-36 completed!
--- Starting Sync: bigalexn8n-37 (2026-04-02 20:00:01) ---
💾 Backing up critical system tables...
pg_dump: error: no matching tables were found
pg_dump: error: no matching tables were found
🧠 Backing up AI assets...
Переключились на новую ветку «bigalexn8n-37»
[bigalexn8n-37 34f29b6] bigalexn8n-37: Scheduled auto-backup
 7 files changed, 32 insertions(+), 11 deletions(-)
remote: 
remote: Create a pull request for 'bigalexn8n-37' on GitHub by visiting:        
remote:      https://github.com/bigalex74/n8n/pull/new/bigalexn8n-37        
remote: 
To github.com:bigalex74/n8n.git
 * [new branch]      bigalexn8n-37 -> bigalexn8n-37
error: Ваши локальные изменения в указанных файлах будут перезаписаны при переключении на состояние:
	sync.log
Сделайте коммит или спрячьте ваши изменения перед переключением веток.
Прерываю
Уже актуально.
Everything up-to-date
✅ Sync bigalexn8n-37 completed!
--- Starting Sync: bigalexn8n-38 (2026-04-03 00:00:01) ---
💾 Backing up critical system tables...
pg_dump: error: no matching tables were found
pg_dump: error: no matching tables were found
🧠 Backing up AI assets...
Переключились на новую ветку «bigalexn8n-38»
[bigalexn8n-38 35445fd] bigalexn8n-38: Scheduled auto-backup
 14 files changed, 48 insertions(+), 27 deletions(-)
remote: 
remote: Create a pull request for 'bigalexn8n-38' on GitHub by visiting:        
remote:      https://github.com/bigalex74/n8n/pull/new/bigalexn8n-38        
remote: 
To github.com:bigalex74/n8n.git
 * [new branch]      bigalexn8n-38 -> bigalexn8n-38
error: Ваши локальные изменения в указанных файлах будут перезаписаны при переключении на состояние:
	sync.log
Сделайте коммит или спрячьте ваши изменения перед переключением веток.
Прерываю
Уже актуально.
Everything up-to-date
✅ Sync bigalexn8n-38 completed!
--- Starting Sync: bigalexn8n-39 (2026-04-03 04:00:01) ---
💾 Backing up critical system tables...
pg_dump: error: no matching tables were found
pg_dump: error: no matching tables were found
🧠 Backing up AI assets...
Переключились на новую ветку «bigalexn8n-39»
[bigalexn8n-39 053b4bc] bigalexn8n-39: Scheduled auto-backup
 7 files changed, 32 insertions(+), 11 deletions(-)
remote: 
remote: Create a pull request for 'bigalexn8n-39' on GitHub by visiting:        
remote:      https://github.com/bigalex74/n8n/pull/new/bigalexn8n-39        
remote: 
To github.com:bigalex74/n8n.git
 * [new branch]      bigalexn8n-39 -> bigalexn8n-39
error: Ваши локальные изменения в указанных файлах будут перезаписаны при переключении на состояние:
	sync.log
Сделайте коммит или спрячьте ваши изменения перед переключением веток.
Прерываю
Уже актуально.
Everything up-to-date
✅ Sync bigalexn8n-39 completed!
--- Starting Sync: bigalexn8n-40 (2026-04-03 08:00:01) ---
💾 Backing up critical system tables...
pg_dump: error: no matching tables were found
pg_dump: error: no matching tables were found
🧠 Backing up AI assets...
Переключились на новую ветку «bigalexn8n-40»
[bigalexn8n-40 83488c7] bigalexn8n-40: Scheduled auto-backup
 8 files changed, 34 insertions(+), 13 deletions(-)
remote: 
remote: Create a pull request for 'bigalexn8n-40' on GitHub by visiting:        
remote:      https://github.com/bigalex74/n8n/pull/new/bigalexn8n-40        
remote: 
To github.com:bigalex74/n8n.git
 * [new branch]      bigalexn8n-40 -> bigalexn8n-40
error: Ваши локальные изменения в указанных файлах будут перезаписаны при переключении на состояние:
	sync.log
Сделайте коммит или спрячьте ваши изменения перед переключением веток.
Прерываю
Уже актуально.
Everything up-to-date
✅ Sync bigalexn8n-40 completed!
--- Starting Sync: bigalexn8n-41 (2026-04-03 12:00:01) ---
💾 Backing up critical system tables...
pg_dump: error: no matching tables were found
pg_dump: error: no matching tables were found
🧠 Backing up AI assets...
Переключились на новую ветку «bigalexn8n-41»
[bigalexn8n-41 7dad76e] bigalexn8n-41: Scheduled auto-backup
 8 files changed, 35 insertions(+), 14 deletions(-)
remote: 
remote: Create a pull request for 'bigalexn8n-41' on GitHub by visiting:        
remote:      https://github.com/bigalex74/n8n/pull/new/bigalexn8n-41        
remote: 
To github.com:bigalex74/n8n.git
 * [new branch]      bigalexn8n-41 -> bigalexn8n-41
error: Ваши локальные изменения в указанных файлах будут перезаписаны при переключении на состояние:
	sync.log
Сделайте коммит или спрячьте ваши изменения перед переключением веток.
Прерываю
Уже актуально.
Everything up-to-date
✅ Sync bigalexn8n-41 completed!
--- Starting Sync: bigalexn8n-42 (2026-04-03 16:00:01) ---
💾 Backing up critical system tables...
pg_dump: error: no matching tables were found
pg_dump: error: no matching tables were found
🧠 Backing up AI assets...
Переключились на новую ветку «bigalexn8n-42»
[bigalexn8n-42 38dd5d7] bigalexn8n-42: Scheduled auto-backup
 7 files changed, 32 insertions(+), 11 deletions(-)
remote: 
remote: Create a pull request for 'bigalexn8n-42' on GitHub by visiting:        
remote:      https://github.com/bigalex74/n8n/pull/new/bigalexn8n-42        
remote: 
To github.com:bigalex74/n8n.git
 * [new branch]      bigalexn8n-42 -> bigalexn8n-42
error: Ваши локальные изменения в указанных файлах будут перезаписаны при переключении на состояние:
	sync.log
Сделайте коммит или спрячьте ваши изменения перед переключением веток.
Прерываю
Уже актуально.
Everything up-to-date
✅ Sync bigalexn8n-42 completed!
--- Starting Sync: bigalexn8n-43 (2026-04-03 20:00:01) ---
💾 Backing up critical system tables...
pg_dump: error: no matching tables were found
pg_dump: error: no matching tables were found
🧠 Backing up AI assets...
Переключились на новую ветку «bigalexn8n-43»
[bigalexn8n-43 4cd5867] bigalexn8n-43: Scheduled auto-backup
 8 files changed, 34 insertions(+), 13 deletions(-)
remote: 
remote: Create a pull request for 'bigalexn8n-43' on GitHub by visiting:        
remote:      https://github.com/bigalex74/n8n/pull/new/bigalexn8n-43        
remote: 
To github.com:bigalex74/n8n.git
 * [new branch]      bigalexn8n-43 -> bigalexn8n-43
error: Ваши локальные изменения в указанных файлах будут перезаписаны при переключении на состояние:
	sync.log
Сделайте коммит или спрячьте ваши изменения перед переключением веток.
Прерываю
Уже актуально.
Everything up-to-date
✅ Sync bigalexn8n-43 completed!
--- Starting Sync: bigalexn8n-44 (2026-04-04 00:00:01) ---
💾 Backing up critical system tables...
pg_dump: error: no matching tables were found
pg_dump: error: no matching tables were found
🧠 Backing up AI assets...
Переключились на новую ветку «bigalexn8n-44»
[bigalexn8n-44 e0040da] bigalexn8n-44: Scheduled auto-backup
 15 files changed, 50 insertions(+), 29 deletions(-)
remote: 
remote: Create a pull request for 'bigalexn8n-44' on GitHub by visiting:        
remote:      https://github.com/bigalex74/n8n/pull/new/bigalexn8n-44        
remote: 
To github.com:bigalex74/n8n.git
 * [new branch]      bigalexn8n-44 -> bigalexn8n-44
error: Ваши локальные изменения в указанных файлах будут перезаписаны при переключении на состояние:
	sync.log
Сделайте коммит или спрячьте ваши изменения перед переключением веток.
Прерываю
Уже актуально.
Everything up-to-date
✅ Sync bigalexn8n-44 completed!
--- Starting Sync: bigalexn8n-45 (2026-04-04 04:00:01) ---
💾 Backing up critical system tables...
pg_dump: error: no matching tables were found
pg_dump: error: no matching tables were found
🧠 Backing up AI assets...
Переключились на новую ветку «bigalexn8n-45»
[bigalexn8n-45 d0beacb] bigalexn8n-45: Scheduled auto-backup
 7 files changed, 32 insertions(+), 11 deletions(-)
remote: 
remote: Create a pull request for 'bigalexn8n-45' on GitHub by visiting:        
remote:      https://github.com/bigalex74/n8n/pull/new/bigalexn8n-45        
remote: 
To github.com:bigalex74/n8n.git
 * [new branch]      bigalexn8n-45 -> bigalexn8n-45
error: Ваши локальные изменения в указанных файлах будут перезаписаны при переключении на состояние:
	sync.log
Сделайте коммит или спрячьте ваши изменения перед переключением веток.
Прерываю
Уже актуально.
Everything up-to-date
✅ Sync bigalexn8n-45 completed!
--- Starting Sync: bigalexn8n-46 (2026-04-04 08:00:01) ---
💾 Backing up critical system tables...
pg_dump: error: no matching tables were found
pg_dump: error: no matching tables were found
🧠 Backing up AI assets...
Переключились на новую ветку «bigalexn8n-46»
[bigalexn8n-46 952c399] bigalexn8n-46: Scheduled auto-backup
 12 files changed, 41 insertions(+), 18 deletions(-)
 delete mode 100644 workflows/My_workflow_2.json
 create mode 100644 "workflows/\320\237\320\265\321\200\320\265\320\262\320\265\320\264\320\265\320\275\320\275\321\213\320\271_\321\204\320\260\320\271\320\273_\320\262_Google_Drive.json"
 create mode 100644 "workflows/\320\244\320\270\320\275\320\270\321\210.json"
remote: 
remote: Create a pull request for 'bigalexn8n-46' on GitHub by visiting:        
remote:      https://github.com/bigalex74/n8n/pull/new/bigalexn8n-46        
remote: 
To github.com:bigalex74/n8n.git
 * [new branch]      bigalexn8n-46 -> bigalexn8n-46
error: Ваши локальные изменения в указанных файлах будут перезаписаны при переключении на состояние:
	sync.log
Сделайте коммит или спрячьте ваши изменения перед переключением веток.
Прерываю
Уже актуально.
Everything up-to-date
✅ Sync bigalexn8n-46 completed!
--- Starting Sync: bigalexn8n-47 (2026-04-04 12:00:01) ---
💾 Backing up critical system tables...
pg_dump: error: no matching tables were found
pg_dump: error: no matching tables were found
🧠 Backing up AI assets...
Переключились на новую ветку «bigalexn8n-47»
[bigalexn8n-47 d64cd61] bigalexn8n-47: Scheduled auto-backup
 13 files changed, 45 insertions(+), 19 deletions(-)
 create mode 100644 "workflows/\320\220\320\275\320\276\321\202\320\260\321\206\320\270\321\217.json"
 create mode 100644 "workflows/\320\237\320\265\321\200\320\265\320\262\320\265\320\264\320\265\320\275\320\275\321\213\320\271_\321\204\320\260\320\271\320\273_\320\262_Telegram.json"
 delete mode 100644 "workflows/\320\244\320\270\320\275\320\270\321\210.json"
remote: 
remote: Create a pull request for 'bigalexn8n-47' on GitHub by visiting:        
remote:      https://github.com/bigalex74/n8n/pull/new/bigalexn8n-47        
remote: 
To github.com:bigalex74/n8n.git
 * [new branch]      bigalexn8n-47 -> bigalexn8n-47
error: Ваши локальные изменения в указанных файлах будут перезаписаны при переключении на состояние:
	sync.log
Сделайте коммит или спрячьте ваши изменения перед переключением веток.
Прерываю
Уже актуально.
Everything up-to-date
✅ Sync bigalexn8n-47 completed!
--- Starting Sync: bigalexn8n-48 (2026-04-04 16:00:01) ---
💾 Backing up critical system tables...
pg_dump: error: no matching tables were found
pg_dump: error: no matching tables were found
🧠 Backing up AI assets...
Переключились на новую ветку «bigalexn8n-48»
[bigalexn8n-48 1345c58] bigalexn8n-48: Scheduled auto-backup
 9 files changed, 39 insertions(+), 15 deletions(-)
remote: 
remote: Create a pull request for 'bigalexn8n-48' on GitHub by visiting:        
remote:      https://github.com/bigalex74/n8n/pull/new/bigalexn8n-48        
remote: 
To github.com:bigalex74/n8n.git
 * [new branch]      bigalexn8n-48 -> bigalexn8n-48
error: Ваши локальные изменения в указанных файлах будут перезаписаны при переключении на состояние:
	sync.log
Сделайте коммит или спрячьте ваши изменения перед переключением веток.
Прерываю
Уже актуально.
Everything up-to-date
✅ Sync bigalexn8n-48 completed!
--- Starting Sync: bigalexn8n-49 (2026-04-04 20:00:01) ---
💾 Backing up critical system tables...
pg_dump: error: no matching tables were found
pg_dump: error: no matching tables were found
🧠 Backing up AI assets...
Переключились на новую ветку «bigalexn8n-49»
[bigalexn8n-49 4228d7c] bigalexn8n-49: Scheduled auto-backup
 13 files changed, 45 insertions(+), 22 deletions(-)
 create mode 100644 "workflows/\320\224\320\276\320\261\320\260\320\262\320\273\320\265\320\275\320\270\320\265_\320\277\321\200\320\276\320\274\321\202\320\260_\320\264\320\273\321\217_\320\277\320\276\321\201\321\202\321\200\320\265\320\264\320\260\320\272\321\202\320\260.json"
remote: 
remote: Create a pull request for 'bigalexn8n-49' on GitHub by visiting:        
remote:      https://github.com/bigalex74/n8n/pull/new/bigalexn8n-49        
remote: 
To github.com:bigalex74/n8n.git
 * [new branch]      bigalexn8n-49 -> bigalexn8n-49
error: Ваши локальные изменения в указанных файлах будут перезаписаны при переключении на состояние:
	sync.log
Сделайте коммит или спрячьте ваши изменения перед переключением веток.
Прерываю
Уже актуально.
Everything up-to-date
✅ Sync bigalexn8n-49 completed!
--- Starting Sync: bigalexn8n-50 (2026-04-05 00:00:01) ---
💾 Backing up critical system tables...
pg_dump: error: no matching tables were found
pg_dump: error: no matching tables were found
🧠 Backing up AI assets...
Переключились на новую ветку «bigalexn8n-50»
[bigalexn8n-50 5a27d14] bigalexn8n-50: Scheduled auto-backup
 12 files changed, 45 insertions(+), 21 deletions(-)
 create mode 100644 "workflows/\320\237\320\276\321\201\321\202\321\200\320\265\320\264\320\260\320\272\321\202\321\203\321\200\320\260.json"
remote: 
remote: Create a pull request for 'bigalexn8n-50' on GitHub by visiting:        
remote:      https://github.com/bigalex74/n8n/pull/new/bigalexn8n-50        
remote: 
To github.com:bigalex74/n8n.git
 * [new branch]      bigalexn8n-50 -> bigalexn8n-50
error: Ваши локальные изменения в указанных файлах будут перезаписаны при переключении на состояние:
	sync.log
Сделайте коммит или спрячьте ваши изменения перед переключением веток.
Прерываю
Уже актуально.
Everything up-to-date
✅ Sync bigalexn8n-50 completed!
--- Starting Sync: bigalexn8n-51 (2026-04-05 04:00:01) ---
💾 Backing up critical system tables...
pg_dump: error: no matching tables were found
pg_dump: error: no matching tables were found
🧠 Backing up AI assets...
Переключились на новую ветку «bigalexn8n-51»
[bigalexn8n-51 28b67e0] bigalexn8n-51: Scheduled auto-backup
 10 files changed, 39 insertions(+), 17 deletions(-)
remote: 
remote: Create a pull request for 'bigalexn8n-51' on GitHub by visiting:        
remote:      https://github.com/bigalex74/n8n/pull/new/bigalexn8n-51        
remote: 
To github.com:bigalex74/n8n.git
 * [new branch]      bigalexn8n-51 -> bigalexn8n-51
error: Ваши локальные изменения в указанных файлах будут перезаписаны при переключении на состояние:
	sync.log
Сделайте коммит или спрячьте ваши изменения перед переключением веток.
Прерываю
Уже актуально.
Everything up-to-date
✅ Sync bigalexn8n-51 completed!
--- Starting Sync: bigalexn8n-52 (2026-04-05 08:00:01) ---
💾 Backing up critical system tables...
pg_dump: error: no matching tables were found
pg_dump: error: no matching tables were found
🧠 Backing up AI assets...
Переключились на новую ветку «bigalexn8n-52»
[bigalexn8n-52 f6c37fa] bigalexn8n-52: Scheduled auto-backup
 10 files changed, 38 insertions(+), 17 deletions(-)
remote: 
remote: Create a pull request for 'bigalexn8n-52' on GitHub by visiting:        
remote:      https://github.com/bigalex74/n8n/pull/new/bigalexn8n-52        
remote: 
To github.com:bigalex74/n8n.git
 * [new branch]      bigalexn8n-52 -> bigalexn8n-52
error: Ваши локальные изменения в указанных файлах будут перезаписаны при переключении на состояние:
	sync.log
Сделайте коммит или спрячьте ваши изменения перед переключением веток.
Прерываю
Уже актуально.
Everything up-to-date
✅ Sync bigalexn8n-52 completed!
--- Starting Sync: bigalexn8n-53 (2026-04-05 12:00:01) ---
💾 Backing up critical system tables...
pg_dump: error: no matching tables were found
pg_dump: error: no matching tables were found
🧠 Backing up AI assets...
Переключились на новую ветку «bigalexn8n-53»
[bigalexn8n-53 a9c440b] bigalexn8n-53: Scheduled auto-backup
 37 files changed, 94 insertions(+), 73 deletions(-)
remote: 
remote: Create a pull request for 'bigalexn8n-53' on GitHub by visiting:        
remote:      https://github.com/bigalex74/n8n/pull/new/bigalexn8n-53        
remote: 
To github.com:bigalex74/n8n.git
 * [new branch]      bigalexn8n-53 -> bigalexn8n-53
error: Ваши локальные изменения в указанных файлах будут перезаписаны при переключении на состояние:
	sync.log
Сделайте коммит или спрячьте ваши изменения перед переключением веток.
Прерываю
Уже актуально.
Everything up-to-date
✅ Sync bigalexn8n-53 completed!
--- Starting Sync: bigalexn8n-54 (2026-04-05 16:00:02) ---
💾 Backing up critical system tables...
pg_dump: error: no matching tables were found
pg_dump: error: no matching tables were found
🧠 Backing up AI assets...
Переключились на новую ветку «bigalexn8n-54»
[bigalexn8n-54 1667918] bigalexn8n-54: Scheduled auto-backup
 12 files changed, 42 insertions(+), 21 deletions(-)
remote: 
remote: Create a pull request for 'bigalexn8n-54' on GitHub by visiting:        
remote:      https://github.com/bigalex74/n8n/pull/new/bigalexn8n-54        
remote: 
To github.com:bigalex74/n8n.git
 * [new branch]      bigalexn8n-54 -> bigalexn8n-54
error: Ваши локальные изменения в указанных файлах будут перезаписаны при переключении на состояние:
	sync.log
Сделайте коммит или спрячьте ваши изменения перед переключением веток.
Прерываю
Уже актуально.
Everything up-to-date
✅ Sync bigalexn8n-54 completed!
--- Starting Sync: bigalexn8n-55 (2026-04-05 20:00:01) ---
💾 Backing up critical system tables...
pg_dump: error: no matching tables were found
pg_dump: error: no matching tables were found
🧠 Backing up AI assets...
Переключились на новую ветку «bigalexn8n-55»
[bigalexn8n-55 2378d08] bigalexn8n-55: Scheduled auto-backup
 8 files changed, 34 insertions(+), 13 deletions(-)
remote: 
remote: Create a pull request for 'bigalexn8n-55' on GitHub by visiting:        
remote:      https://github.com/bigalex74/n8n/pull/new/bigalexn8n-55        
remote: 
To github.com:bigalex74/n8n.git
 * [new branch]      bigalexn8n-55 -> bigalexn8n-55
error: Ваши локальные изменения в указанных файлах будут перезаписаны при переключении на состояние:
	sync.log
Сделайте коммит или спрячьте ваши изменения перед переключением веток.
Прерываю
Уже актуально.
Everything up-to-date
✅ Sync bigalexn8n-55 completed!
--- Starting Sync: bigalexn8n-56 (2026-04-06 00:00:01) ---
💾 Backing up critical system tables...
pg_dump: error: no matching tables were found
pg_dump: error: no matching tables were found
🧠 Backing up AI assets...
Переключились на новую ветку «bigalexn8n-56»
[bigalexn8n-56 50dad79] bigalexn8n-56: Scheduled auto-backup
 8 files changed, 35 insertions(+), 14 deletions(-)
remote: 
remote: Create a pull request for 'bigalexn8n-56' on GitHub by visiting:        
remote:      https://github.com/bigalex74/n8n/pull/new/bigalexn8n-56        
remote: 
To github.com:bigalex74/n8n.git
 * [new branch]      bigalexn8n-56 -> bigalexn8n-56
error: Ваши локальные изменения в указанных файлах будут перезаписаны при переключении на состояние:
	sync.log
Сделайте коммит или спрячьте ваши изменения перед переключением веток.
Прерываю
Уже актуально.
Everything up-to-date
✅ Sync bigalexn8n-56 completed!
--- Starting Sync: bigalexn8n-57 (2026-04-06 04:00:01) ---
💾 Backing up critical system tables...
pg_dump: error: no matching tables were found
pg_dump: error: no matching tables were found
🧠 Backing up AI assets...
Переключились на новую ветку «bigalexn8n-57»
[bigalexn8n-57 d021e0f] bigalexn8n-57: Scheduled auto-backup
 7 files changed, 32 insertions(+), 11 deletions(-)
remote: 
remote: Create a pull request for 'bigalexn8n-57' on GitHub by visiting:        
remote:      https://github.com/bigalex74/n8n/pull/new/bigalexn8n-57        
remote: 
To github.com:bigalex74/n8n.git
 * [new branch]      bigalexn8n-57 -> bigalexn8n-57
error: Ваши локальные изменения в указанных файлах будут перезаписаны при переключении на состояние:
	sync.log
Сделайте коммит или спрячьте ваши изменения перед переключением веток.
Прерываю
Уже актуально.
Everything up-to-date
✅ Sync bigalexn8n-57 completed!
--- Starting Sync: bigalexn8n-60 (2026-04-06 08:00:01) ---
📦 Exporting workflows...
💾 Backing up critical system tables...
🏗️ Backing up infrastructure...
🛠️ Backing up tools...
🧠 Backing up AI assets...
🌿 Committing to Git...
Переключились на новую ветку «bigalexn8n-60»
--- Starting Sync: bigalexn8n-61 (2026-04-06 12:00:01) ---
📦 Exporting workflows...
💾 Backing up critical system tables...
🏗️ Backing up infrastructure...
🛠️ Backing up tools...
🧠 Backing up AI assets...
🌿 Committing to Git...
Переключились на новую ветку «bigalexn8n-61»
[bigalexn8n-61 7e25153] bigalexn8n-61: Scheduled auto-backup
 10 files changed, 25 insertions(+), 17 deletions(-)
remote: 
remote: Create a pull request for 'bigalexn8n-61' on GitHub by visiting:        
remote:      https://github.com/bigalex74/n8n/pull/new/bigalexn8n-61        
remote: 
To github.com:bigalex74/n8n.git
 * [new branch]      bigalexn8n-61 -> bigalexn8n-61
error: Ваши локальные изменения в указанных файлах будут перезаписаны при переключении на состояние:
	sync.log
Сделайте коммит или спрячьте ваши изменения перед переключением веток.
Прерываю
Уже актуально.
Everything up-to-date
✅ Sync bigalexn8n-61 completed!
--- Starting Sync: bigalexn8n-62 (2026-04-06 16:00:01) ---
📦 Exporting workflows...
💾 Backing up critical system tables...
🏗️ Backing up infrastructure...
🛠️ Backing up tools...
🧠 Backing up AI assets...
🌿 Committing to Git...
Переключились на новую ветку «bigalexn8n-62»
[bigalexn8n-62 f1dfbbf] bigalexn8n-62: Scheduled auto-backup
 9 files changed, 38 insertions(+), 15 deletions(-)
remote: 
remote: Create a pull request for 'bigalexn8n-62' on GitHub by visiting:        
remote:      https://github.com/bigalex74/n8n/pull/new/bigalexn8n-62        
remote: 
To github.com:bigalex74/n8n.git
 * [new branch]      bigalexn8n-62 -> bigalexn8n-62
error: Ваши локальные изменения в указанных файлах будут перезаписаны при переключении на состояние:
	sync.log
Сделайте коммит или спрячьте ваши изменения перед переключением веток.
Прерываю
Уже актуально.
Everything up-to-date
✅ Sync bigalexn8n-62 completed!
--- Starting Sync: bigalexn8n-63 (2026-04-06 20:00:01) ---
📦 Exporting workflows...
💾 Backing up critical system tables...
🏗️ Backing up infrastructure...
🛠️ Backing up tools...
🧠 Backing up AI assets...
🌿 Committing to Git...
Переключились на новую ветку «bigalexn8n-63»
[bigalexn8n-63 811956c] bigalexn8n-63: Scheduled auto-backup
 9 files changed, 38 insertions(+), 15 deletions(-)
remote: 
remote: Create a pull request for 'bigalexn8n-63' on GitHub by visiting:        
remote:      https://github.com/bigalex74/n8n/pull/new/bigalexn8n-63        
remote: 
To github.com:bigalex74/n8n.git
 * [new branch]      bigalexn8n-63 -> bigalexn8n-63
error: Ваши локальные изменения в указанных файлах будут перезаписаны при переключении на состояние:
	sync.log
Сделайте коммит или спрячьте ваши изменения перед переключением веток.
Прерываю
Уже актуально.
Everything up-to-date
✅ Sync bigalexn8n-63 completed!
/bin/sh: /bin/bash: not found
/bin/sh: /bin/bash: not found
/bin/sh: /bin/bash: not found
--- Starting Sync: bigalexn8n-64 (2026-04-06 22:39:23) ---
📦 Exporting workflows...
💾 Backing up critical system tables...
🏗️ Backing up infrastructure...
🛠️ Backing up tools...
🧠 Backing up AI assets...
🌿 Committing to Git...
Переключились на новую ветку «bigalexn8n-64»
