Ср 15 апр 2026 03:00:01 MSK - Creating ZIP archive...
Ср 15 апр 2026 03:00:02 MSK - Ensuring Cloud folder exists...
Ср 15 апр 2026 03:00:03 MSK - Getting upload URL...
Ср 15 апр 2026 03:00:03 MSK - Uploading to Yandex Disk...
Ср 15 апр 2026 03:00:27 MSK - ✅ Successfully uploaded to Yandex Disk!
Update Required: Your current package installation script is outdated and will no longer receive updates.
Please update to the new installation script which can be found here https://infisical.com/docs/cli/overview#installation debian section

A new release of infisical is available: 0.38.0 -> v0.159.13

To update, run: sudo apt-get update && sudo apt-get install infisical

[90m3:00AM[0m [32mINF[0m Injecting 24 Infisical secrets into your application process
Чт 16 апр 2026 03:00:02 MSK - Creating ZIP archive...
Чт 16 апр 2026 03:00:02 MSK - Ensuring Cloud folder exists...
Чт 16 апр 2026 03:00:04 MSK - Getting upload URL...
Чт 16 апр 2026 03:00:04 MSK - Uploading to Yandex Disk...
Чт 16 апр 2026 03:00:27 MSK - ✅ Successfully uploaded to Yandex Disk!
Чт 16 апр 2026 03:00:28 MSK - ✅ Telegram notification sent
Update Required: Your current package installation script is outdated and will no longer receive updates.
Please update to the new installation script which can be found here https://infisical.com/docs/cli/overview#installation debian section

A new release of infisical is available: 0.38.0 -> v0.159.14

To update, run: sudo apt-get update && sudo apt-get install infisical

[90m3:00AM[0m [32mINF[0m Injecting 24 Infisical secrets into your application process
Пт 17 апр 2026 03:00:02 MSK - Creating ZIP archive...
Пт 17 апр 2026 03:00:02 MSK - Ensuring Cloud folder exists...
Пт 17 апр 2026 03:00:04 MSK - Getting upload URL...
Пт 17 апр 2026 03:00:05 MSK - Uploading to Yandex Disk...
Пт 17 апр 2026 03:00:28 MSK - ✅ Successfully uploaded to Yandex Disk!
Пт 17 апр 2026 03:00:28 MSK - ✅ Telegram notification sent
Update Required: Your current package installation script is outdated and will no longer receive updates.
Please update to the new installation script which can be found here https://infisical.com/docs/cli/overview#installation debian section

A new release of infisical is available: 0.38.0 -> v0.159.16

To update, run: sudo apt-get update && sudo apt-get install infisical

[90m3:00AM[0m [32mINF[0m Injecting 28 Infisical secrets into your application process
Сб 18 апр 2026 03:00:01 MSK - Creating ZIP archive...
Сб 18 апр 2026 03:00:02 MSK - Ensuring Cloud folder exists...
Сб 18 апр 2026 03:00:04 MSK - Getting upload URL...
Сб 18 апр 2026 03:00:04 MSK - Uploading to Yandex Disk...
Сб 18 апр 2026 03:00:28 MSK - ✅ Successfully uploaded to Yandex Disk!
Сб 18 апр 2026 03:00:28 MSK - ✅ Telegram notification sent
Update Required: Your current package installation script is outdated and will no longer receive updates.
Please update to the new installation script which can be found here https://infisical.com/docs/cli/overview#installation debian section

A new release of infisical is available: 0.38.0 -> v0.159.17

To update, run: sudo apt-get update && sudo apt-get install infisical

[90m3:00AM[0m [32mINF[0m Injecting 37 Infisical secrets into your application process
Вс 19 апр 2026 03:00:02 MSK - Creating ZIP archive...
Вс 19 апр 2026 03:00:03 MSK - Ensuring Cloud folder exists...
Вс 19 апр 2026 03:00:04 MSK - Getting upload URL...
Вс 19 апр 2026 03:00:05 MSK - Uploading to Yandex Disk...
Вс 19 апр 2026 03:00:29 MSK - ✅ Successfully uploaded to Yandex Disk!
Вс 19 апр 2026 03:00:29 MSK - ✅ Telegram notification sent
Update Required: Your current package installation script is outdated and will no longer receive updates.
Please update to the new installation script which can be found here https://infisical.com/docs/cli/overview#installation debian section

A new release of infisical is available: 0.38.0 -> v0.159.18

To update, run: sudo apt-get update && sudo apt-get install infisical

[90m3:02AM[0m [32mINF[0m Injecting 37 Infisical secrets into your application process
Пн 20 апр 2026 03:02:08 MSK - Creating ZIP archive...
Пн 20 апр 2026 03:02:09 MSK - Ensuring Cloud folder exists...
Пн 20 апр 2026 03:02:11 MSK - Getting upload URL...
Пн 20 апр 2026 03:02:12 MSK - Uploading to Yandex Disk...
Пн 20 апр 2026 03:02:36 MSK - ✅ Successfully uploaded to Yandex Disk!
Пн 20 апр 2026 03:02:36 MSK - ✅ Telegram notification sent
Update Required: Your current package installation script is outdated and will no longer receive updates.
Please update to the new installation script which can be found here https://infisical.com/docs/cli/overview#installation debian section

A new release of infisical is available: 0.38.0 -> v0.159.18

To update, run: sudo apt-get update && sudo apt-get install infisical

[90m3:00AM[0m [32mINF[0m Injecting 37 Infisical secrets into your application process
Вт 21 апр 2026 03:00:02 MSK - Creating ZIP archive...
Вт 21 апр 2026 03:00:02 MSK - Ensuring Cloud folder exists...
Вт 21 апр 2026 03:00:04 MSK - Getting upload URL...
Вт 21 апр 2026 03:00:05 MSK - Uploading to Yandex Disk...
Вт 21 апр 2026 03:00:28 MSK - ✅ Successfully uploaded to Yandex Disk!
Вт 21 апр 2026 03:00:28 MSK - ✅ Telegram notification sent
